2017-11-29 15:40:27,256 utile.py - [line:43] - list  INFO - sql list:select * from mylist
2017-11-29 15:40:29,096 utile.py - [line:43] - list  INFO - sql list:select * from mylist
2017-11-29 15:40:29,096 utile.py - [line:43] - list  INFO - sql list:select * from mylist
2017-11-29 15:40:30,505 utile.py - [line:33] - getone  INFO - sql getone:select * from mylist where id= 72
2017-11-29 15:40:30,505 utile.py - [line:33] - getone  INFO - sql getone:select * from mylist where id= 72
2017-11-29 15:40:30,505 utile.py - [line:33] - getone  INFO - sql getone:select * from mylist where id= 72
2017-11-30 13:20:12,638 utile.py - [line:33] - getone  INFO - sql getone:select * from mylist where username='lhs'; 
2017-11-30 13:20:16,364 utile.py - [line:33] - getone  INFO - sql getone:select * from mylist where username='lhs'; 
2017-11-30 13:20:16,364 utile.py - [line:33] - getone  INFO - sql getone:select * from mylist where username='lhs'; 
2017-11-30 13:20:17,039 utile.py - [line:33] - getone  INFO - sql getone:select * from mylist where username='lhs'; 
2017-11-30 13:20:17,039 utile.py - [line:33] - getone  INFO - sql getone:select * from mylist where username='lhs'; 
2017-11-30 13:20:17,039 utile.py - [line:33] - getone  INFO - sql getone:select * from mylist where username='lhs'; 
2017-12-06 16:54:30,749 utile.py - [line:34] - getone  INFO - sql getone:select * from mylist where username='lhs'; 
2017-12-06 16:54:34,598 utile.py - [line:34] - getone  INFO - sql getone:select * from mylist where username='lhs'; 
2017-12-06 16:54:34,598 utile.py - [line:34] - getone  INFO - sql getone:select * from mylist where username='lhs'; 
2017-12-06 16:54:35,177 utile.py - [line:34] - getone  INFO - sql getone:select * from mylist where username='lhs'; 
2017-12-06 16:54:35,177 utile.py - [line:34] - getone  INFO - sql getone:select * from mylist where username='lhs'; 
2017-12-06 16:54:35,177 utile.py - [line:34] - getone  INFO - sql getone:select * from mylist where username='lhs'; 
2017-12-06 16:54:37,461 utile.py - [line:47] - list  INFO - sql list:select * from server
2017-12-06 16:54:37,461 utile.py - [line:47] - list  INFO - sql list:select * from server
2017-12-06 16:54:37,461 utile.py - [line:47] - list  INFO - sql list:select * from server
2017-12-06 16:54:37,461 utile.py - [line:47] - list  INFO - sql list:select * from server
2017-12-06 16:55:21,822 utile.py - [line:47] - list  INFO - sql list:select * from money
2017-12-06 16:55:21,822 utile.py - [line:47] - list  INFO - sql list:select * from money
2017-12-06 16:55:21,822 utile.py - [line:47] - list  INFO - sql list:select * from money
2017-12-06 16:55:21,822 utile.py - [line:47] - list  INFO - sql list:select * from money
2017-12-06 16:55:21,822 utile.py - [line:47] - list  INFO - sql list:select * from money
2017-12-06 16:55:44,530 utile.py - [line:47] - list  INFO - sql list:select * from job
2017-12-06 16:55:44,530 utile.py - [line:47] - list  INFO - sql list:select * from job
2017-12-06 16:55:44,530 utile.py - [line:47] - list  INFO - sql list:select * from job
2017-12-06 16:55:44,530 utile.py - [line:47] - list  INFO - sql list:select * from job
2017-12-06 16:55:44,530 utile.py - [line:47] - list  INFO - sql list:select * from job
2017-12-06 16:55:44,530 utile.py - [line:47] - list  INFO - sql list:select * from job
2017-12-06 16:55:54,665 utile.py - [line:105] - log  INFO - sql delete:select status As name,count(1) As value from log group by status asc order by COUNT(1) DESC
2017-12-06 16:55:54,665 utile.py - [line:105] - log  INFO - sql delete:select status As name,count(1) As value from log group by status asc order by COUNT(1) DESC
2017-12-06 16:55:54,665 utile.py - [line:105] - log  INFO - sql delete:select status As name,count(1) As value from log group by status asc order by COUNT(1) DESC
2017-12-06 16:55:54,665 utile.py - [line:105] - log  INFO - sql delete:select status As name,count(1) As value from log group by status asc order by COUNT(1) DESC
2017-12-06 16:55:54,665 utile.py - [line:105] - log  INFO - sql delete:select status As name,count(1) As value from log group by status asc order by COUNT(1) DESC
2017-12-06 16:55:54,665 utile.py - [line:105] - log  INFO - sql delete:select status As name,count(1) As value from log group by status asc order by COUNT(1) DESC
2017-12-06 16:55:54,665 utile.py - [line:105] - log  INFO - sql delete:select status As name,count(1) As value from log group by status asc order by COUNT(1) DESC
2017-12-06 16:55:57,503 utile.py - [line:120] - maps  INFO - sql delete:select name,value from map 
2017-12-06 16:55:57,503 utile.py - [line:120] - maps  INFO - sql delete:select name,value from map 
2017-12-06 16:55:57,503 utile.py - [line:120] - maps  INFO - sql delete:select name,value from map 
2017-12-06 16:55:57,503 utile.py - [line:120] - maps  INFO - sql delete:select name,value from map 
2017-12-06 16:55:57,503 utile.py - [line:120] - maps  INFO - sql delete:select name,value from map 
2017-12-06 16:55:57,503 utile.py - [line:120] - maps  INFO - sql delete:select name,value from map 
2017-12-06 16:55:57,503 utile.py - [line:120] - maps  INFO - sql delete:select name,value from map 
2017-12-06 16:55:57,503 utile.py - [line:120] - maps  INFO - sql delete:select name,value from map 
2017-12-06 16:56:00,744 utile.py - [line:47] - list  INFO - sql list:select * from mylist
2017-12-06 16:56:00,744 utile.py - [line:47] - list  INFO - sql list:select * from mylist
2017-12-06 16:56:00,744 utile.py - [line:47] - list  INFO - sql list:select * from mylist
2017-12-06 16:56:00,744 utile.py - [line:47] - list  INFO - sql list:select * from mylist
2017-12-06 16:56:00,744 utile.py - [line:47] - list  INFO - sql list:select * from mylist
2017-12-06 16:56:00,744 utile.py - [line:47] - list  INFO - sql list:select * from mylist
2017-12-06 16:56:00,744 utile.py - [line:47] - list  INFO - sql list:select * from mylist
2017-12-06 16:56:00,744 utile.py - [line:47] - list  INFO - sql list:select * from mylist
2017-12-06 16:56:00,744 utile.py - [line:47] - list  INFO - sql list:select * from mylist
2017-12-06 17:24:34,798 utile.py - [line:34] - getone  INFO - sql getone:select * from mylist where username='lhs'; 
2017-12-06 17:24:34,798 utile.py - [line:34] - getone  INFO - sql getone:select * from mylist where username='lhs'; 
2017-12-06 17:24:34,798 utile.py - [line:34] - getone  INFO - sql getone:select * from mylist where username='lhs'; 
2017-12-06 17:24:34,798 utile.py - [line:34] - getone  INFO - sql getone:select * from mylist where username='lhs'; 
2017-12-06 17:24:34,798 utile.py - [line:34] - getone  INFO - sql getone:select * from mylist where username='lhs'; 
2017-12-06 17:24:34,798 utile.py - [line:34] - getone  INFO - sql getone:select * from mylist where username='lhs'; 
2017-12-06 17:24:34,798 utile.py - [line:34] - getone  INFO - sql getone:select * from mylist where username='lhs'; 
2017-12-06 17:24:34,798 utile.py - [line:34] - getone  INFO - sql getone:select * from mylist where username='lhs'; 
2017-12-06 17:24:34,798 utile.py - [line:34] - getone  INFO - sql getone:select * from mylist where username='lhs'; 
2017-12-06 17:24:34,798 utile.py - [line:34] - getone  INFO - sql getone:select * from mylist where username='lhs'; 
2017-12-06 17:25:17,243 utile.py - [line:34] - getone  INFO - sql getone:select * from mylist where username='lhs'; 
2017-12-06 17:25:18,151 utile.py - [line:34] - getone  INFO - sql getone:select * from mylist where username='lhs'; 
2017-12-06 17:25:18,151 utile.py - [line:34] - getone  INFO - sql getone:select * from mylist where username='lhs'; 
2017-12-06 17:25:19,167 utile.py - [line:34] - getone  INFO - sql getone:select * from mylist where username='lhs'; 
2017-12-06 17:25:19,167 utile.py - [line:34] - getone  INFO - sql getone:select * from mylist where username='lhs'; 
2017-12-06 17:25:19,167 utile.py - [line:34] - getone  INFO - sql getone:select * from mylist where username='lhs'; 
2017-12-06 17:25:20,936 utile.py - [line:34] - getone  INFO - sql getone:select * from mylist where username='lhs'; 
2017-12-06 17:25:20,936 utile.py - [line:34] - getone  INFO - sql getone:select * from mylist where username='lhs'; 
2017-12-06 17:25:20,936 utile.py - [line:34] - getone  INFO - sql getone:select * from mylist where username='lhs'; 
2017-12-06 17:25:20,936 utile.py - [line:34] - getone  INFO - sql getone:select * from mylist where username='lhs'; 
2017-12-06 17:28:37,256 utile.py - [line:47] - list  INFO - sql list:select * from mylist
2017-12-06 17:28:38,582 utile.py - [line:34] - getone  INFO - sql getone:select * from mylist where id= 76
2017-12-06 17:28:38,582 utile.py - [line:34] - getone  INFO - sql getone:select * from mylist where id= 76
2017-12-06 17:28:43,407 utile.py - [line:61] - update  INFO - sql update:update mylist set username='1234',status='1',email='haishan0181@sina.com',phone='18511891703',role='1',id='76' where id=76
2017-12-06 17:28:43,407 utile.py - [line:61] - update  INFO - sql update:update mylist set username='1234',status='1',email='haishan0181@sina.com',phone='18511891703',role='1',id='76' where id=76
2017-12-06 17:28:43,407 utile.py - [line:61] - update  INFO - sql update:update mylist set username='1234',status='1',email='haishan0181@sina.com',phone='18511891703',role='1',id='76' where id=76
2017-12-07 10:14:56,805 utile.py - [line:34] - getone  INFO - sql getone:select * from mylist where username='lhs'; 
2017-12-07 10:14:57,792 utile.py - [line:34] - getone  INFO - sql getone:select * from mylist where username='lhs'; 
2017-12-07 10:14:57,792 utile.py - [line:34] - getone  INFO - sql getone:select * from mylist where username='lhs'; 
2017-12-07 10:18:30,349 utile.py - [line:34] - getone  INFO - sql getone:select * from mylist where username='lhs'; 
2017-12-07 10:19:10,676 utile.py - [line:34] - getone  INFO - sql getone:select * from mylist where username='lhs'; 
2017-12-07 10:19:10,676 utile.py - [line:34] - getone  INFO - sql getone:select * from mylist where username='lhs'; 
2017-12-07 10:19:11,430 utile.py - [line:34] - getone  INFO - sql getone:select * from mylist where username='lhs'; 
2017-12-07 10:19:11,430 utile.py - [line:34] - getone  INFO - sql getone:select * from mylist where username='lhs'; 
2017-12-07 10:19:11,430 utile.py - [line:34] - getone  INFO - sql getone:select * from mylist where username='lhs'; 
2017-12-07 10:24:06,796 utile.py - [line:34] - getone  INFO - sql getone:select * from mylist where username='lhs'; 
2017-12-07 10:25:12,625 utile.py - [line:34] - getone  INFO - sql getone:select * from mylist where username='lhs'; 
2017-12-07 10:26:29,838 utile.py - [line:34] - getone  INFO - sql getone:select * from mylist where username='lhs'; 
2017-12-07 10:34:01,002 utile.py - [line:34] - getone  INFO - sql getone:select * from mylist where username='lhs'; 
2017-12-07 10:34:08,770 utile.py - [line:61] - update  INFO - sql update:update mylist set username='lhs',phone='18511891705',id='53',email='haishan0181@sina.com' where id=53
2017-12-07 10:34:08,770 utile.py - [line:61] - update  INFO - sql update:update mylist set username='lhs',phone='18511891705',id='53',email='haishan0181@sina.com' where id=53
2017-12-07 10:34:09,654 utile.py - [line:34] - getone  INFO - sql getone:select * from mylist where username='lhs'; 
2017-12-07 10:34:09,654 utile.py - [line:34] - getone  INFO - sql getone:select * from mylist where username='lhs'; 
2017-12-07 10:34:09,654 utile.py - [line:34] - getone  INFO - sql getone:select * from mylist where username='lhs'; 
2017-12-07 10:34:18,309 utile.py - [line:47] - list  INFO - sql list:select * from mylist
2017-12-07 10:34:18,309 utile.py - [line:47] - list  INFO - sql list:select * from mylist
2017-12-07 10:34:18,309 utile.py - [line:47] - list  INFO - sql list:select * from mylist
2017-12-07 10:34:18,309 utile.py - [line:47] - list  INFO - sql list:select * from mylist
2017-12-07 10:34:32,312 utile.py - [line:34] - getone  INFO - sql getone:select * from mylist where username='cxf'; 
2017-12-07 10:34:32,312 utile.py - [line:34] - getone  INFO - sql getone:select * from mylist where username='cxf'; 
2017-12-07 10:34:32,312 utile.py - [line:34] - getone  INFO - sql getone:select * from mylist where username='cxf'; 
2017-12-07 10:34:32,312 utile.py - [line:34] - getone  INFO - sql getone:select * from mylist where username='cxf'; 
2017-12-07 10:34:32,312 utile.py - [line:34] - getone  INFO - sql getone:select * from mylist where username='cxf'; 
2017-12-07 10:34:32,924 utile.py - [line:34] - getone  INFO - sql getone:select * from mylist where username='cxf'; 
2017-12-07 10:34:32,924 utile.py - [line:34] - getone  INFO - sql getone:select * from mylist where username='cxf'; 
2017-12-07 10:34:32,924 utile.py - [line:34] - getone  INFO - sql getone:select * from mylist where username='cxf'; 
2017-12-07 10:34:32,924 utile.py - [line:34] - getone  INFO - sql getone:select * from mylist where username='cxf'; 
2017-12-07 10:34:32,924 utile.py - [line:34] - getone  INFO - sql getone:select * from mylist where username='cxf'; 
2017-12-07 10:34:32,924 utile.py - [line:34] - getone  INFO - sql getone:select * from mylist where username='cxf'; 
2017-12-07 10:38:21,266 utile.py - [line:34] - getone  INFO - sql getone:select * from mylist where username='cxf'; 
2017-12-07 10:38:25,582 utile.py - [line:84] - check  INFO - sql check:select *from mylist where id='48'
2017-12-07 10:38:25,582 utile.py - [line:84] - check  INFO - sql check:select *from mylist where id='48'
2017-12-07 10:38:25,612 utile.py - [line:61] - update  INFO - sql update:update mylist set passwd='123',id='48' where id=48
2017-12-07 10:38:25,612 utile.py - [line:61] - update  INFO - sql update:update mylist set passwd='123',id='48' where id=48
2017-12-07 10:38:25,612 utile.py - [line:61] - update  INFO - sql update:update mylist set passwd='123',id='48' where id=48
2017-12-07 10:42:56,369 utile.py - [line:34] - getone  INFO - sql getone:select * from mylist where username='cxf'; 
2017-12-07 10:42:59,963 utile.py - [line:85] - check  INFO - sql check:select *from mylist where id='48'
2017-12-07 10:42:59,963 utile.py - [line:85] - check  INFO - sql check:select *from mylist where id='48'
2017-12-07 10:42:59,999 utile.py - [line:61] - update  INFO - sql update:update mylist set passwd='1234',id='48' where id=48
2017-12-07 10:42:59,999 utile.py - [line:61] - update  INFO - sql update:update mylist set passwd='1234',id='48' where id=48
2017-12-07 10:42:59,999 utile.py - [line:61] - update  INFO - sql update:update mylist set passwd='1234',id='48' where id=48
2017-12-07 11:49:02,907 utile.py - [line:34] - getone  INFO - sql getone:select * from mylist where username='lhs'; 
2017-12-07 11:49:03,609 utile.py - [line:34] - getone  INFO - sql getone:select * from mylist where username='lhs'; 
2017-12-07 11:49:03,609 utile.py - [line:34] - getone  INFO - sql getone:select * from mylist where username='lhs'; 
2017-12-07 11:49:07,744 utile.py - [line:85] - check  INFO - sql check:select *from mylist where id='53'
2017-12-07 11:49:07,744 utile.py - [line:85] - check  INFO - sql check:select *from mylist where id='53'
2017-12-07 11:49:07,744 utile.py - [line:85] - check  INFO - sql check:select *from mylist where id='53'
2017-12-07 11:49:07,904 utile.py - [line:61] - update  INFO - sql update:update mylist set passwd='1234',id='53' where id=53
2017-12-07 11:49:07,904 utile.py - [line:61] - update  INFO - sql update:update mylist set passwd='1234',id='53' where id=53
2017-12-07 11:49:07,904 utile.py - [line:61] - update  INFO - sql update:update mylist set passwd='1234',id='53' where id=53
2017-12-07 11:49:07,904 utile.py - [line:61] - update  INFO - sql update:update mylist set passwd='1234',id='53' where id=53
2017-12-07 13:49:09,427 utile.py - [line:34] - getone  INFO - sql getone:select * from mylist where username='lhs'; 
2017-12-07 13:49:09,427 utile.py - [line:34] - getone  INFO - sql getone:select * from mylist where username='lhs'; 
2017-12-07 13:49:09,427 utile.py - [line:34] - getone  INFO - sql getone:select * from mylist where username='lhs'; 
2017-12-07 13:49:09,427 utile.py - [line:34] - getone  INFO - sql getone:select * from mylist where username='lhs'; 
2017-12-07 13:49:09,427 utile.py - [line:34] - getone  INFO - sql getone:select * from mylist where username='lhs'; 
2017-12-07 13:49:16,885 utile.py - [line:47] - list  INFO - sql list:select * from money
2017-12-07 13:49:16,885 utile.py - [line:47] - list  INFO - sql list:select * from money
2017-12-07 13:49:16,885 utile.py - [line:47] - list  INFO - sql list:select * from money
2017-12-07 13:49:16,885 utile.py - [line:47] - list  INFO - sql list:select * from money
2017-12-07 13:49:16,885 utile.py - [line:47] - list  INFO - sql list:select * from money
2017-12-07 13:49:16,885 utile.py - [line:47] - list  INFO - sql list:select * from money
2017-12-07 13:49:18,361 utile.py - [line:47] - list  INFO - sql list:select * from cbten
2017-12-07 13:49:18,361 utile.py - [line:47] - list  INFO - sql list:select * from cbten
2017-12-07 13:49:18,361 utile.py - [line:47] - list  INFO - sql list:select * from cbten
2017-12-07 13:49:18,361 utile.py - [line:47] - list  INFO - sql list:select * from cbten
2017-12-07 13:49:18,361 utile.py - [line:47] - list  INFO - sql list:select * from cbten
2017-12-07 13:49:18,361 utile.py - [line:47] - list  INFO - sql list:select * from cbten
2017-12-07 13:49:18,361 utile.py - [line:47] - list  INFO - sql list:select * from cbten
2017-12-07 13:49:18,372 utile.py - [line:47] - list  INFO - sql list:select * from machine
2017-12-07 13:49:18,372 utile.py - [line:47] - list  INFO - sql list:select * from machine
2017-12-07 13:49:18,372 utile.py - [line:47] - list  INFO - sql list:select * from machine
2017-12-07 13:49:18,372 utile.py - [line:47] - list  INFO - sql list:select * from machine
2017-12-07 13:49:18,372 utile.py - [line:47] - list  INFO - sql list:select * from machine
2017-12-07 13:49:18,372 utile.py - [line:47] - list  INFO - sql list:select * from machine
2017-12-07 13:49:18,372 utile.py - [line:47] - list  INFO - sql list:select * from machine
2017-12-07 13:49:18,372 utile.py - [line:47] - list  INFO - sql list:select * from machine
2017-12-07 14:04:04,734 utile.py - [line:33] - getone  INFO - sql getone:select * from mylist where username='lhs'; 
2017-12-07 14:04:05,517 utile.py - [line:33] - getone  INFO - sql getone:select * from mylist where username='lhs'; 
2017-12-07 14:04:05,517 utile.py - [line:33] - getone  INFO - sql getone:select * from mylist where username='lhs'; 
2017-12-07 14:04:05,687 utile.py - [line:33] - getone  INFO - sql getone:select * from mylist where username='lhs'; 
2017-12-07 14:04:05,687 utile.py - [line:33] - getone  INFO - sql getone:select * from mylist where username='lhs'; 
2017-12-07 14:04:05,687 utile.py - [line:33] - getone  INFO - sql getone:select * from mylist where username='lhs'; 
2017-12-07 14:04:05,859 utile.py - [line:33] - getone  INFO - sql getone:select * from mylist where username='lhs'; 
2017-12-07 14:04:05,859 utile.py - [line:33] - getone  INFO - sql getone:select * from mylist where username='lhs'; 
2017-12-07 14:04:05,859 utile.py - [line:33] - getone  INFO - sql getone:select * from mylist where username='lhs'; 
2017-12-07 14:04:05,859 utile.py - [line:33] - getone  INFO - sql getone:select * from mylist where username='lhs'; 
2017-12-07 14:04:11,677 utile.py - [line:33] - getone  INFO - sql getone:select * from mylist where username='lhs'; 
2017-12-07 14:04:11,677 utile.py - [line:33] - getone  INFO - sql getone:select * from mylist where username='lhs'; 
2017-12-07 14:04:11,677 utile.py - [line:33] - getone  INFO - sql getone:select * from mylist where username='lhs'; 
2017-12-07 14:04:11,677 utile.py - [line:33] - getone  INFO - sql getone:select * from mylist where username='lhs'; 
2017-12-07 14:04:11,677 utile.py - [line:33] - getone  INFO - sql getone:select * from mylist where username='lhs'; 
2017-12-07 14:04:12,572 utile.py - [line:33] - getone  INFO - sql getone:select * from mylist where username='lhs'; 
2017-12-07 14:04:12,572 utile.py - [line:33] - getone  INFO - sql getone:select * from mylist where username='lhs'; 
2017-12-07 14:04:12,572 utile.py - [line:33] - getone  INFO - sql getone:select * from mylist where username='lhs'; 
2017-12-07 14:04:12,572 utile.py - [line:33] - getone  INFO - sql getone:select * from mylist where username='lhs'; 
2017-12-07 14:04:12,572 utile.py - [line:33] - getone  INFO - sql getone:select * from mylist where username='lhs'; 
2017-12-07 14:04:12,572 utile.py - [line:33] - getone  INFO - sql getone:select * from mylist where username='lhs'; 
2017-12-07 14:04:19,237 utile.py - [line:45] - list  INFO - sql list:select * from mylist
2017-12-07 14:04:19,237 utile.py - [line:45] - list  INFO - sql list:select * from mylist
2017-12-07 14:04:19,237 utile.py - [line:45] - list  INFO - sql list:select * from mylist
2017-12-07 14:04:19,237 utile.py - [line:45] - list  INFO - sql list:select * from mylist
2017-12-07 14:04:19,237 utile.py - [line:45] - list  INFO - sql list:select * from mylist
2017-12-07 14:04:19,237 utile.py - [line:45] - list  INFO - sql list:select * from mylist
2017-12-07 14:04:19,237 utile.py - [line:45] - list  INFO - sql list:select * from mylist
2017-12-07 15:02:39,286 utile.py - [line:47] - list  INFO - sql list:select * from server
2017-12-07 17:14:27,069 utile.py - [line:47] - list  INFO - sql list:select * from money
2017-12-07 17:14:27,069 utile.py - [line:47] - list  INFO - sql list:select * from money
